ERROR:assignment2:Error processing line #<built-in function id> for ID #<built-in function id>.
ERROR:assignment2:Error processing line #<built-in function id> for ID #<built-in function id>.
ERROR:assignment2:Error processing line #<built-in function id> for ID #<built-in function id>.
ERROR:assignment2:Error processing line #<built-in function id> for ID #<built-in function id>.
ERROR:assignment2:Error processing line #<built-in function id> for ID #<built-in function id>.
ERROR:assignment2:Error processing line #<built-in function id> for ID #<built-in function id>.
ERROR:assignment2:Error processing line #<built-in function id> for ID #<built-in function id>.
ERROR:assignment2:Error processing line #<built-in function id> for ID #<built-in function id>.
ERROR:assignment2:Error processing line #<built-in function id> for ID #<built-in function id>.
ERROR:assignment2:Error processing line #<built-in function id> for ID #<built-in function id>.
ERROR:assignment2:Error processing line #<built-in function id> for ID #<built-in function id>.
ERROR:assignment2:Error processing line #<built-in function id> for ID #<built-in function id>.
ERROR:assignment2:Error processing line #<built-in function id> for ID #<built-in function id>.
ERROR:assignment2:Error processing line #<built-in function id> for ID #<built-in function id>.
ERROR:assignment2:Error processing line #<built-in function id> for ID #<built-in function id>.
ERROR:assignment2:Error processing line #<built-in function id> for ID #<built-in function id>.
ERROR:assignment2:Error processing line #<built-in function id> for ID #<built-in function id>.
ERROR:assignment2:Error processing line #<built-in function id> for ID #<built-in function id>.
ERROR:assignment2:Error processing line #<built-in function id> for ID #<built-in function id>.
ERROR:assignment2:Error processing line #<built-in function id> for ID #<built-in function id>.
ERROR:assignment2:Error processing line #{} for ID #{}.
ERROR:assignment2:Error processing line #{} for ID #{}.
ERROR:assignment2:Error processing line #{} for ID #{}.
ERROR:assignment2:Error processing line #{} for ID #{}.
ERROR:assignment2:Error processing line #{} for ID #{}.
ERROR:assignment2:Error processing line #{} for ID #{}.
ERROR:assignment2:Error processing line #{} for ID #{}.
ERROR:assignment2:Error processing line #{} for ID #{}.
ERROR:assignment2:Error processing line #{} for ID #{}.
ERROR:assignment2:Error processing line #{} for ID #{}.
ERROR:assignment2:Error processing line #13,Isaac Allan,29/072006 for ID #13.
ERROR:assignment2:Error processing line #27,Ruth Ogden,23/23/2007 for ID #27.
ERROR:assignment2:Error processing line #30,Ava Jackson,1411/1997 for ID #30.
ERROR:assignment2:Error processing line #47,Jane Nash,11/11/19895 for ID #47.
ERROR:assignment2:Error processing line #48,Joshua Glover,44/01/1972 for ID #48.
ERROR:assignment2:Error processing line #67,Amy Gill,29*06*1988 for ID #67.
ERROR:assignment2:Error processing line #71,Penelope Underwood,00/10/1995 for ID #71.
ERROR:assignment2:Error processing line #78,Stephanie Coleman,25/19/1998 for ID #78.
ERROR:assignment2:Error processing line #87,Rachel Powell,09-08-2003 for ID #87.
ERROR:assignment2:Error processing line #93,David Howard,22//01//2013 for ID #93.
